<?xml version="1.0" encoding="UTF-8"?>
<!-- Generated by org.testng.reporters.JUnitXMLReporter -->
<testsuite ignored="0" hostname="TYSS-Senani" failures="1" tests="1" name="BankingApp test" time="6.169" errors="0" timestamp="2023-11-30T14:36:38 IST">
  <testcase classname="com.inetbaking.testcases.TC_LoginTest_001" name="loginTest" time="0.807">
    <failure type="java.lang.NullPointerException" message="Cannot invoke &amp;quot;org.apache.log4j.Logger.info(Object)&amp;quot; because &amp;quot;com.inetbaking.testcases.TC_LoginTest_001.logger&amp;quot; is null">
      <![CDATA[java.lang.NullPointerException: Cannot invoke "org.apache.log4j.Logger.info(Object)" because "com.inetbaking.testcases.TC_LoginTest_001.logger" is null
at com.inetbaking.testcases.TC_LoginTest_001.loginTest(TC_LoginTest_001.java:15)
at java.base/java.util.ArrayList.forEach(ArrayList.java:1511)
... Removed 27 stack frames]]>
    </failure>
  </testcase> <!-- loginTest -->
</testsuite> <!-- BankingApp test -->
